<?xml version="1.0" encoding="UTF-8"?>
<!-- Generated by org.testng.reporters.JUnitReportReporter -->
<testsuite hostname="DESKTOP-L24NCKJ" failures="0" tests="1" name="com.testng.groups.GroupsSample" time="0.020" errors="0" timestamp="17 Oct 2023 00:39:03 GMT" skipped="0">
  <testcase classname="com.testng.groups.GroupsSample" name="testsample" time="0.020"/>
</testsuite> <!-- com.testng.groups.GroupsSample -->
