<?xml version="1.0" encoding="UTF-8"?>
<!-- Generated by org.testng.reporters.JUnitReportReporter -->
<testsuite hostname="DESKTOP-L24NCKJ" failures="0" tests="1" name="com.testng.extentreports.ExtentReportSample" time="10.659" errors="0" timestamp="15 Oct 2023 04:13:24 GMT" skipped="0">
  <testcase classname="com.testng.extentreports.ExtentReportSample" name="login" time="10.659"/>
</testsuite> <!-- com.testng.extentreports.ExtentReportSample -->
