<?xml version="1.0" encoding="UTF-8"?>
<!-- Generated by org.testng.reporters.JUnitReportReporter -->
<testsuite hostname="DESKTOP-01EHOD0" failures="0" tests="1" name="com.testng.attributes.InvocationCountAndTimeOut" time="22.303" errors="1" timestamp="15 Nov 2023 03:16:11 GMT" skipped="0">
  <testcase classname="com.testng.attributes.InvocationCountAndTimeOut" name="searchJava" time="22.303">
    <error message="Method com.testng.attributes.InvocationCountAndTimeOut.searchJava() didn&#039;t finish within the time-out 15000" type="org.testng.internal.thread.ThreadTimeoutException">
      <![CDATA[org.testng.internal.thread.ThreadTimeoutException: Method com.testng.attributes.InvocationCountAndTimeOut.searchJava() didn't finish within the time-out 15000
at java.base@17.0.9/sun.nio.ch.Net.poll(Native Method)
at java.base@17.0.9/sun.nio.ch.NioSocketImpl.park(NioSocketImpl.java:186)
at java.base@17.0.9/sun.nio.ch.NioSocketImpl.timedRead(NioSocketImpl.java:290)
at java.base@17.0.9/sun.nio.ch.NioSocketImpl.implRead(NioSocketImpl.java:314)
at java.base@17.0.9/sun.nio.ch.NioSocketImpl.read(NioSocketImpl.java:355)
at java.base@17.0.9/sun.nio.ch.NioSocketImpl$1.read(NioSocketImpl.java:808)
at java.base@17.0.9/java.net.Socket$SocketInputStream.read(Socket.java:966)
at app//okio.Okio$2.read(Okio.java:140)
at app//okio.AsyncTimeout$2.read(AsyncTimeout.java:237)
at app//okio.RealBufferedSource.indexOf(RealBufferedSource.java:355)
at app//okio.RealBufferedSource.readUtf8LineStrict(RealBufferedSource.java:227)
at app//okhttp3.internal.http1.Http1Codec.readHeaderLine(Http1Codec.java:215)
at app//okhttp3.internal.http1.Http1Codec.readResponseHeaders(Http1Codec.java:189)
at app//okhttp3.internal.http.CallServerInterceptor.intercept(CallServerInterceptor.java:88)
at app//okhttp3.internal.http.RealInterceptorChain.proceed(RealInterceptorChain.java:147)
at app//okhttp3.internal.http.RealInterceptorChain.proceed(RealInterceptorChain.java:121)
at app//org.openqa.selenium.remote.internal.OkHttpClient$Factory$1.lambda$createClient$1(OkHttpClient.java:152)
at app//org.openqa.selenium.remote.internal.OkHttpClient$Factory$1$$Lambda$91/0x00000001002b5db0.intercept(Unknown Source)
at app//okhttp3.internal.http.RealInterceptorChain.proceed(RealInterceptorChain.java:147)
at app//okhttp3.internal.connection.ConnectInterceptor.intercept(ConnectInterceptor.java:45)
at app//okhttp3.internal.http.RealInterceptorChain.proceed(RealInterceptorChain.java:147)
at app//okhttp3.internal.http.RealInterceptorChain.proceed(RealInterceptorChain.java:121)
at app//okhttp3.internal.cache.CacheInterceptor.intercept(CacheInterceptor.java:93)
at app//okhttp3.internal.http.RealInterceptorChain.proceed(RealInterceptorChain.java:147)
at app//okhttp3.internal.http.RealInterceptorChain.proceed(RealInterceptorChain.java:121)
at app//okhttp3.internal.http.BridgeInterceptor.intercept(BridgeInterceptor.java:93)
at app//okhttp3.internal.http.RealInterceptorChain.proceed(RealInterceptorChain.java:147)
at app//okhttp3.internal.http.RetryAndFollowUpInterceptor.intercept(RetryAndFollowUpInterceptor.java:126)
at app//okhttp3.internal.http.RealInterceptorChain.proceed(RealInterceptorChain.java:147)
at app//okhttp3.internal.http.RealInterceptorChain.proceed(RealInterceptorChain.java:121)
at app//okhttp3.RealCall.getResponseWithInterceptorChain(RealCall.java:200)
at app//okhttp3.RealCall.execute(RealCall.java:77)
at app//org.openqa.selenium.remote.internal.OkHttpClient.execute(OkHttpClient.java:103)
at app//org.openqa.selenium.remote.HttpCommandExecutor.execute(HttpCommandExecutor.java:155)
at app//org.openqa.selenium.remote.service.DriverCommandExecutor.execute(DriverCommandExecutor.java:83)
at app//org.openqa.selenium.remote.RemoteWebDriver.execute(RemoteWebDriver.java:552)
at app//org.openqa.selenium.remote.RemoteWebDriver.get(RemoteWebDriver.java:277)
at app//com.base.utils.BaseClass.loadUrl(BaseClass.java:151)
at app//com.testng.attributes.InvocationCountAndTimeOut.searchJava(InvocationCountAndTimeOut.java:20)
at java.base@17.0.9/jdk.internal.reflect.NativeMethodAccessorImpl.invoke0(Native Method)
at java.base@17.0.9/jdk.internal.reflect.NativeMethodAccessorImpl.invoke(NativeMethodAccessorImpl.java:77)
at java.base@17.0.9/jdk.internal.reflect.DelegatingMethodAccessorImpl.invoke(DelegatingMethodAccessorImpl.java:43)
at java.base@17.0.9/java.lang.reflect.Method.invoke(Method.java:568)
at app//org.testng.internal.MethodInvocationHelper.invokeMethod(MethodInvocationHelper.java:124)
at app//org.testng.internal.InvokeMethodRunnable.runOne(InvokeMethodRunnable.java:54)
at app//org.testng.internal.InvokeMethodRunnable.run(InvokeMethodRunnable.java:40)
at java.base@17.0.9/java.util.concurrent.Executors$RunnableAdapter.call(Executors.java:539)
at java.base@17.0.9/java.util.concurrent.FutureTask.run(FutureTask.java:264)
at java.base@17.0.9/java.util.concurrent.ThreadPoolExecutor.runWorker(ThreadPoolExecutor.java:1136)
at java.base@17.0.9/java.util.concurrent.ThreadPoolExecutor$Worker.run(ThreadPoolExecutor.java:635)
at java.base@17.0.9/java.lang.Thread.run(Thread.java:840)
]]>
    </error>
  </testcase> <!-- searchJava -->
</testsuite> <!-- com.testng.attributes.InvocationCountAndTimeOut -->
