<?xml version="1.0" encoding="UTF-8"?>
<!-- Generated by org.testng.reporters.JUnitReportReporter -->
<testsuite hostname="DESKTOP-L24NCKJ" failures="0" tests="2" name="com.testng.attributes.Enable" time="0.015" errors="0" timestamp="12 Oct 2023 00:18:39 GMT" skipped="1">
  <testcase classname="com.testng.attributes.Enable" name="testa" time="0.015"/>
  <testcase classname="com.testng.attributes.Enable" name="testb">
    <skipped/>
  </testcase> <!-- testb -->
</testsuite> <!-- com.testng.attributes.Enable -->
