<?xml version="1.0" encoding="UTF-8"?>
<!-- Generated by org.testng.reporters.JUnitReportReporter -->
<testsuite hostname="DESKTOP-L24NCKJ" failures="0" tests="1" name="com.testng.listeners.SampleTest" time="0.033" errors="0" timestamp="18 Oct 2023 23:50:53 GMT" skipped="0">
  <testcase classname="com.testng.listeners.SampleTest" name="sample" time="0.033"/>
</testsuite> <!-- com.testng.listeners.SampleTest -->
