<?xml version="1.0" encoding="UTF-8"?>
<!-- Generated by org.testng.reporters.JUnitReportReporter -->
<testsuite hostname="DESKTOP-L24NCKJ" failures="0" tests="1" name="com.testng.listeners.KnownFailedTest" time="0.023" errors="0" timestamp="17 Oct 2023 00:18:07 GMT" skipped="0">
  <testcase classname="com.testng.listeners.KnownFailedTest" name="failedTest" time="0.023"/>
</testsuite> <!-- com.testng.listeners.KnownFailedTest -->
