<?xml version="1.0" encoding="UTF-8"?>
<!-- Generated by org.testng.reporters.JUnitReportReporter -->
<testsuite hostname="DESKTOP-01EHOD0" failures="0" tests="1" name="com.sample.testng.SampleAnnotations" time="0.025" errors="0" timestamp="15 Nov 2023 02:46:55 GMT" skipped="0">
  <testcase classname="com.sample.testng.SampleAnnotations" name="testMethod" time="0.025"/>
</testsuite> <!-- com.sample.testng.SampleAnnotations -->
