<?xml version="1.0" encoding="UTF-8"?>
<!-- Generated by org.testng.reporters.JUnitReportReporter -->
<testsuite hostname="DESKTOP-L24NCKJ" failures="0" tests="1" name="com.parameters.dataprovider.ParametersSample" time="4.139" errors="0" timestamp="14 Oct 2023 02:54:10 GMT" skipped="0">
  <testcase classname="com.parameters.dataprovider.ParametersSample" name="login" time="4.139"/>
</testsuite> <!-- com.parameters.dataprovider.ParametersSample -->
