<?xml version="1.0" encoding="UTF-8"?>
<!-- Generated by org.testng.reporters.JUnitReportReporter -->
<testsuite hostname="DESKTOP-L24NCKJ" failures="0" tests="4" name="com.parameters.dataprovider.DataProviderSample" time="43.463" errors="0" timestamp="14 Oct 2023 03:53:46 GMT" skipped="0">
  <testcase classname="com.parameters.dataprovider.DataProviderSample" name="testMethod" time="10.666"/>
  <testcase classname="com.parameters.dataprovider.DataProviderSample" name="testMethod" time="10.775"/>
  <testcase classname="com.parameters.dataprovider.DataProviderSample" name="testMethod" time="10.880"/>
  <testcase classname="com.parameters.dataprovider.DataProviderSample" name="testMethod" time="11.142"/>
</testsuite> <!-- com.parameters.dataprovider.DataProviderSample -->
