<?xml version="1.0" encoding="UTF-8"?>
<!-- Generated by org.testng.reporters.JUnitReportReporter -->
<testsuite hostname="DESKTOP-01EHOD0" failures="0" tests="3" name="com.testng.attributes.EnabledAndDescription" time="0.046" errors="0" timestamp="15 Nov 2023 02:54:51 GMT" skipped="1">
  <testcase classname="com.testng.attributes.EnabledAndDescription" name="testa" time="0.031"/>
  <testcase classname="com.testng.attributes.EnabledAndDescription" name="validateProductPriceInPDPAndCart" time="0.015"/>
  <testcase classname="com.testng.attributes.EnabledAndDescription" name="testb">
    <skipped/>
  </testcase> <!-- testb -->
</testsuite> <!-- com.testng.attributes.EnabledAndDescription -->
