<?xml version="1.0" encoding="UTF-8"?>
<!-- Generated by org.testng.reporters.JUnitReportReporter -->
<testsuite hostname="DESKTOP-L24NCKJ" failures="0" tests="8" name="com.testng.attributes.Priority" time="0.038" errors="0" timestamp="12 Oct 2023 00:13:51 GMT" skipped="0">
  <testcase classname="com.testng.attributes.Priority" name="testexec" time="0.023"/>
  <testcase classname="com.testng.attributes.Priority" name="testexe" time="0.001"/>
  <testcase classname="com.testng.attributes.Priority" name="testann" time="0.002"/>
  <testcase classname="com.testng.attributes.Priority" name="testsamp" time="0.003"/>
  <testcase classname="com.testng.attributes.Priority" name="testdesc" time="0.002"/>
  <testcase classname="com.testng.attributes.Priority" name="testss" time="0.003"/>
  <testcase classname="com.testng.attributes.Priority" name="testout" time="0.002"/>
  <testcase classname="com.testng.attributes.Priority" name="testsample" time="0.002"/>
</testsuite> <!-- com.testng.attributes.Priority -->
